[0809/103003:ERROR:process_info.cc(330)] VirtualQueryEx: Access is denied. (0x5)
[0809/103003:ERROR:process_info.cc(547)] ReadMemoryInfo failed
[0809/103003:ERROR:process_info.cc(608)] range at 0xfffde000, size 0x230 fully unreadable
[0809/103003:ERROR:process_reader_win.cc(232)] ReadMemory at 0xfffde000 of 560 bytes failed: Only part of a ReadProcessMemory or WriteProcessMemory request was completed. (0x12B)
[0809/103003:ERROR:process_snapshot_win.cc(349)] ReadMemory PEB
[0809/103003:ERROR:process_reader_win.cc(232)] ReadMemory at 0x1070000 of 64 bytes failed: Only part of a ReadProcessMemory or WriteProcessMemory request was completed. (0x12B)
[0809/103003:WARNING:pe_image_reader.cc(280)] could not read dos header from C:\Program Files (x86)\Google\Chrome\Application\chrome.exe
[0809/103003:ERROR:process_reader_win.cc(232)] ReadMemory at 0x76f00000 of 64 bytes failed: Only part of a ReadProcessMemory or WriteProcessMemory request was completed. (0x12B)
[0809/103003:WARNING:pe_image_reader.cc(280)] could not read dos header from C:\WINDOWS\SysWOW64\ntdll.dll
[0809/103003:ERROR:process_reader_win.cc(232)] ReadMemory at 0x76040000 of 64 bytes failed: Only part of a ReadProcessMemory or WriteProcessMemory request was completed. (0x12B)
[0809/103003:WARNING:pe_image_reader.cc(280)] could not read dos header from C:\WINDOWS\syswow64\KERNELBASE.dll
[0809/103003:ERROR:process_reader_win.cc(232)] ReadMemory at 0x74b50000 of 64 bytes failed: Only part of a ReadProcessMemory or WriteProcessMemory request was completed. (0x12B)
[0809/103003:WARNING:pe_image_reader.cc(280)] could not read dos header from C:\WINDOWS\syswow64\kernel32.dll
[0809/103003:ERROR:process_reader_win.cc(232)] ReadMemory at 0x761d0000 of 64 bytes failed: Only part of a ReadProcessMemory or WriteProcessMemory request was completed. (0x12B)
[0809/103003:WARNING:pe_image_reader.cc(280)] could not read dos header from C:\WINDOWS\syswow64\msvcrt.dll
[0809/103003:ERROR:process_reader_win.cc(232)] ReadMemory at 0x74800000 of 64 bytes failed: Only part of a ReadProcessMemory or WriteProcessMemory request was completed. (0x12B)
[0809/103003:WARNING:pe_image_reader.cc(280)] could not read dos header from C:\WINDOWS\syswow64\CRYPTBASE.dll
[0809/103003:ERROR:process_reader_win.cc(232)] ReadMemory at 0x74810000 of 64 bytes failed: Only part of a ReadProcessMemory or WriteProcessMemory request was completed. (0x12B)
[0809/103003:WARNING:pe_image_reader.cc(280)] could not read dos header from C:\WINDOWS\syswow64\SspiCli.dll
[0809/103003:ERROR:process_reader_win.cc(232)] ReadMemory at 0x76280000 of 64 bytes failed: Only part of a ReadProcessMemory or WriteProcessMemory request was completed. (0x12B)
[0809/103003:WARNING:pe_image_reader.cc(280)] could not read dos header from C:\WINDOWS\syswow64\RPCRT4.dll
[0809/103003:ERROR:process_reader_win.cc(232)] ReadMemory at 0x76180000 of 64 bytes failed: Only part of a ReadProcessMemory or WriteProcessMemory request was completed. (0x12B)
[0809/103003:WARNING:pe_image_reader.cc(280)] could not read dos header from C:\WINDOWS\SysWOW64\sechost.dll
[0809/103003:ERROR:process_reader_win.cc(232)] ReadMemory at 0x74880000 of 64 bytes failed: Only part of a ReadProcessMemory or WriteProcessMemory request was completed. (0x12B)
[0809/103003:WARNING:pe_image_reader.cc(280)] could not read dos header from C:\WINDOWS\syswow64\ADVAPI32.DLL
[0809/103003:ERROR:process_reader_win.cc(232)] ReadMemory at 0x5f330000 of 64 bytes failed: Only part of a ReadProcessMemory or WriteProcessMemory request was completed. (0x12B)
[0809/103003:WARNING:pe_image_reader.cc(280)] could not read dos header from C:\Program Files (x86)\Google\Chrome\Application\51.0.2704.106\chrome_elf.dll
[0809/103003:ERROR:process_reader_win.cc(232)] ReadMemory at 0x72890000 of 64 bytes failed: Only part of a ReadProcessMemory or WriteProcessMemory request was completed. (0x12B)
[0809/103003:WARNING:pe_image_reader.cc(280)] could not read dos header from C:\WINDOWS\system32\VERSION.dll
[0809/103003:ERROR:process_reader_win.cc(232)] ReadMemory at 0x75ae0000 of 64 bytes failed: Only part of a ReadProcessMemory or WriteProcessMemory request was completed. (0x12B)
[0809/103003:WARNING:pe_image_reader.cc(280)] could not read dos header from C:\WINDOWS\syswow64\USP10.dll
[0809/103003:ERROR:process_reader_win.cc(232)] ReadMemory at 0x74b40000 of 64 bytes failed: Only part of a ReadProcessMemory or WriteProcessMemory request was completed. (0x12B)
[0809/103003:WARNING:pe_image_reader.cc(280)] could not read dos header from C:\WINDOWS\syswow64\LPK.dll
[0809/103003:ERROR:process_reader_win.cc(232)] ReadMemory at 0x758b0000 of 64 bytes failed: Only part of a ReadProcessMemory or WriteProcessMemory request was completed. (0x12B)
[0809/103003:WARNING:pe_image_reader.cc(280)] could not read dos header from C:\WINDOWS\syswow64\GDI32.dll
[0809/103003:ERROR:process_reader_win.cc(232)] ReadMemory at 0x75e00000 of 64 bytes failed: Only part of a ReadProcessMemory or WriteProcessMemory request was completed. (0x12B)
[0809/103003:WARNING:pe_image_reader.cc(280)] could not read dos header from C:\WINDOWS\syswow64\USER32.dll
[0809/103003:ERROR:process_reader_win.cc(232)] ReadMemory at 0x74260000 of 64 bytes failed: Only part of a ReadProcessMemory or WriteProcessMemory request was completed. (0x12B)
[0809/103003:WARNING:pe_image_reader.cc(280)] could not read dos header from C:\WINDOWS\system32\WINMM.dll
[0809/103003:ERROR:process_reader_win.cc(232)] ReadMemory at 0x761a0000 of 64 bytes failed: Only part of a ReadProcessMemory or WriteProcessMemory request was completed. (0x12B)
[0809/103003:WARNING:pe_image_reader.cc(280)] could not read dos header from C:\WINDOWS\syswow64\profapi.dll
[0809/103003:ERROR:process_reader_win.cc(232)] ReadMemory at 0x76870000 of 64 bytes failed: Only part of a ReadProcessMemory or WriteProcessMemory request was completed. (0x12B)
[0809/103003:WARNING:pe_image_reader.cc(280)] could not read dos header from C:\WINDOWS\syswow64\USERENV.dll
[0809/103003:ERROR:process_reader_win.cc(232)] ReadMemory at 0x74570000 of 64 bytes failed: Only part of a ReadProcessMemory or WriteProcessMemory request was completed. (0x12B)
[0809/103003:WARNING:pe_image_reader.cc(280)] could not read dos header from C:\WINDOWS\system32\WTSAPI32.dll
[0809/103003:ERROR:process_reader_win.cc(232)] ReadMemory at 0x71810000 of 64 bytes failed: Only part of a ReadProcessMemory or WriteProcessMemory request was completed. (0x12B)
[0809/103003:WARNING:pe_image_reader.cc(280)] could not read dos header from C:\WINDOWS\system32\webio.dll
[0809/103003:ERROR:process_reader_win.cc(232)] ReadMemory at 0x72030000 of 64 bytes failed: Only part of a ReadProcessMemory or WriteProcessMemory request was completed. (0x12B)
[0809/103003:WARNING:pe_image_reader.cc(280)] could not read dos header from C:\WINDOWS\system32\WINHTTP.dll
[0809/103003:ERROR:process_reader_win.cc(232)] ReadMemory at 0x6cb20000 of 64 bytes failed: Only part of a ReadProcessMemory or WriteProcessMemory request was completed. (0x12B)
[0809/103003:WARNING:pe_image_reader.cc(280)] could not read dos header from C:\WINDOWS\system32\api-ms-win-core-synch-l1-2-0.DLL
[0809/103003:ERROR:process_reader_win.cc(232)] ReadMemory at 0x76090000 of 64 bytes failed: Only part of a ReadProcessMemory or WriteProcessMemory request was completed. (0x12B)
[0809/103003:WARNING:pe_image_reader.cc(280)] could not read dos header from C:\WINDOWS\syswow64\MSCTF.dll
[0809/103003:ERROR:process_reader_win.cc(232)] ReadMemory at 0x76900000 of 64 bytes failed: Only part of a ReadProcessMemory or WriteProcessMemory request was completed. (0x12B)
[0809/103003:WARNING:pe_image_reader.cc(280)] could not read dos header from C:\WINDOWS\system32\IMM32.DLL
[0809/103003:ERROR:process_reader_win.cc(232)] ReadMemory at 0x76890000 of 64 bytes failed: Only part of a ReadProcessMemory or WriteProcessMemory request was completed. (0x12B)
[0809/103003:WARNING:pe_image_reader.cc(280)] could not read dos header from C:\WINDOWS\syswow64\SHLWAPI.dll
[0809/103003:ERROR:process_reader_win.cc(232)] ReadMemory at 0x74c60000 of 64 bytes failed: Only part of a ReadProcessMemory or WriteProcessMemory request was completed. (0x12B)
[0809/103003:WARNING:pe_image_reader.cc(280)] could not read dos header from C:\WINDOWS\syswow64\SHELL32.dll
[0809/103003:ERROR:process_reader_win.cc(232)] ReadMemory at 0x761c0000 of 64 bytes failed: Only part of a ReadProcessMemory or WriteProcessMemory request was completed. (0x12B)
[0809/103003:WARNING:pe_image_reader.cc(280)] could not read dos header from C:\WINDOWS\syswow64\PSAPI.DLL
[0809/103003:ERROR:process_reader_win.cc(232)] ReadMemory at 0x74510000 of 64 bytes failed: Only part of a ReadProcessMemory or WriteProcessMemory request was completed. (0x12B)
[0809/103003:WARNING:pe_image_reader.cc(280)] could not read dos header from C:\WINDOWS\system32\WINSPOOL.DRV
[0809/103003:ERROR:process_reader_win.cc(232)] ReadMemory at 0x71e90000 of 64 bytes failed: Only part of a ReadProcessMemory or WriteProcessMemory request was completed. (0x12B)
[0809/103003:WARNING:pe_image_reader.cc(280)] could not read dos header from C:\WINDOWS\WinSxS\x86_microsoft.windows.common-controls_6595b64144ccf1df_6.0.7601.23403_none_2b180b30457f196c\COMCTL32.dll
[0809/103003:ERROR:process_reader_win.cc(232)] ReadMemory at 0x75940000 of 64 bytes failed: Only part of a ReadProcessMemory or WriteProcessMemory request was completed. (0x12B)
[0809/103003:WARNING:pe_image_reader.cc(280)] could not read dos header from C:\WINDOWS\syswow64\COMDLG32.dll
[0809/103003:ERROR:process_reader_win.cc(232)] ReadMemory at 0x74930000 of 64 bytes failed: Only part of a ReadProcessMemory or WriteProcessMemory request was completed. (0x12B)
[0809/103003:WARNING:pe_image_reader.cc(280)] could not read dos header from C:\WINDOWS\syswow64\ole32.dll
[0809/103003:ERROR:process_reader_win.cc(232)] ReadMemory at 0x74a90000 of 64 bytes failed: Only part of a ReadProcessMemory or WriteProcessMemory request was completed. (0x12B)
[0809/103003:WARNING:pe_image_reader.cc(280)] could not read dos header from C:\WINDOWS\syswow64\OLEAUT32.dll
[0809/103003:ERROR:process_reader_win.cc(232)] ReadMemory at 0x768f0000 of 64 bytes failed: Only part of a ReadProcessMemory or WriteProcessMemory request was completed. (0x12B)
[0809/103003:WARNING:pe_image_reader.cc(280)] could not read dos header from C:\WINDOWS\syswow64\NSI.dll
[0809/103003:ERROR:process_reader_win.cc(232)] ReadMemory at 0x74150000 of 64 bytes failed: Only part of a ReadProcessMemory or WriteProcessMemory request was completed. (0x12B)
[0809/103003:WARNING:pe_image_reader.cc(280)] could not read dos header from C:\WINDOWS\system32\WINNSI.DLL
[0809/103003:ERROR:process_reader_win.cc(232)] ReadMemory at 0x74160000 of 64 bytes failed: Only part of a ReadProcessMemory or WriteProcessMemory request was completed. (0x12B)
[0809/103003:WARNING:pe_image_reader.cc(280)] could not read dos header from C:\WINDOWS\system32\IPHLPAPI.DLL
[0809/103003:ERROR:process_reader_win.cc(232)] ReadMemory at 0x75b80000 of 64 bytes failed: Only part of a ReadProcessMemory or WriteProcessMemory request was completed. (0x12B)
[0809/103003:WARNING:pe_image_reader.cc(280)] could not read dos header from C:\WINDOWS\syswow64\WS2_32.dll
[0809/103003:ERROR:process_reader_win.cc(232)] ReadMemory at 0x763d0000 of 64 bytes failed: Only part of a ReadProcessMemory or WriteProcessMemory request was completed. (0x12B)
[0809/103003:WARNING:pe_image_reader.cc(280)] could not read dos header from C:\WINDOWS\syswow64\MSASN1.dll
[0809/103003:ERROR:process_reader_win.cc(232)] ReadMemory at 0x75f00000 of 64 bytes failed: Only part of a ReadProcessMemory or WriteProcessMemory request was completed. (0x12B)
[0809/103003:WARNING:pe_image_reader.cc(280)] could not read dos header from C:\WINDOWS\syswow64\CRYPT32.dll
[0809/103003:ERROR:process_reader_win.cc(232)] ReadMemory at 0x76680000 of 64 bytes failed: Only part of a ReadProcessMemory or WriteProcessMemory request was completed. (0x12B)
[0809/103003:WARNING:pe_image_reader.cc(280)] could not read dos header from C:\WINDOWS\syswow64\WINTRUST.dll
[0809/103003:ERROR:process_reader_win.cc(232)] ReadMemory at 0x72810000 of 64 bytes failed: Only part of a ReadProcessMemory or WriteProcessMemory request was completed. (0x12B)
[0809/103003:WARNING:pe_image_reader.cc(280)] could not read dos header from C:\WINDOWS\system32\Secur32.dll
[0809/103003:ERROR:process_reader_win.cc(232)] ReadMemory at 0x5a120000 of 64 bytes failed: Only part of a ReadProcessMemory or WriteProcessMemory request was completed. (0x12B)
[0809/103003:WARNING:pe_image_reader.cc(280)] could not read dos header from C:\Program Files (x86)\Google\Chrome\Application\51.0.2704.106\chrome_child.dll
[0809/103003:ERROR:process_reader_win.cc(232)] ReadMemory at 0x6cb90000 of 64 bytes failed: Only part of a ReadProcessMemory or WriteProcessMemory request was completed. (0x12B)
[0809/103003:WARNING:pe_image_reader.cc(280)] could not read dos header from C:\WINDOWS\system32\dxva2.dll
[0809/103003:ERROR:process_reader_win.cc(232)] ReadMemory at 0x76ff5120 of 5888 bytes failed: Only part of a ReadProcessMemory or WriteProcessMemory request was completed. (0x12B)
[0809/103003:ERROR:process_reader_win.cc(232)] ReadMemory at 0x1070000 of 64 bytes failed: Only part of a ReadProcessMemory or WriteProcessMemory request was completed. (0x12B)
[0809/103003:WARNING:pe_image_reader.cc(280)] could not read dos header from C:\Program Files (x86)\Google\Chrome\Application\chrome.exe
[0809/103003:ERROR:process_reader_win.cc(232)] ReadMemory at 0x76f00000 of 64 bytes failed: Only part of a ReadProcessMemory or WriteProcessMemory request was completed. (0x12B)
[0809/103003:WARNING:pe_image_reader.cc(280)] could not read dos header from C:\WINDOWS\SysWOW64\ntdll.dll
[0809/103003:ERROR:process_reader_win.cc(232)] ReadMemory at 0x76040000 of 64 bytes failed: Only part of a ReadProcessMemory or WriteProcessMemory request was completed. (0x12B)
[0809/103003:WARNING:pe_image_reader.cc(280)] could not read dos header from C:\WINDOWS\syswow64\KERNELBASE.dll
[0809/103003:ERROR:process_reader_win.cc(232)] ReadMemory at 0x74b50000 of 64 bytes failed: Only part of a ReadProcessMemory or WriteProcessMemory request was completed. (0x12B)
[0809/103003:WARNING:pe_image_reader.cc(280)] could not read dos header from C:\WINDOWS\syswow64\kernel32.dll
[0809/103003:ERROR:process_reader_win.cc(232)] ReadMemory at 0x761d0000 of 64 bytes failed: Only part of a ReadProcessMemory or WriteProcessMemory request was completed. (0x12B)
[0809/103003:WARNING:pe_image_reader.cc(280)] could not read dos header from C:\WINDOWS\syswow64\msvcrt.dll
[0809/103003:ERROR:process_reader_win.cc(232)] ReadMemory at 0x74800000 of 64 bytes failed: Only part of a ReadProcessMemory or WriteProcessMemory request was completed. (0x12B)
[0809/103003:WARNING:pe_image_reader.cc(280)] could not read dos header from C:\WINDOWS\syswow64\CRYPTBASE.dll
[0809/103003:ERROR:process_reader_win.cc(232)] ReadMemory at 0x74810000 of 64 bytes failed: Only part of a ReadProcessMemory or WriteProcessMemory request was completed. (0x12B)
[0809/103003:WARNING:pe_image_reader.cc(280)] could not read dos header from C:\WINDOWS\syswow64\SspiCli.dll
[0809/103003:ERROR:process_reader_win.cc(232)] ReadMemory at 0x76280000 of 64 bytes failed: Only part of a ReadProcessMemory or WriteProcessMemory request was completed. (0x12B)
[0809/103003:WARNING:pe_image_reader.cc(280)] could not read dos header from C:\WINDOWS\syswow64\RPCRT4.dll
[0809/103003:ERROR:process_reader_win.cc(232)] ReadMemory at 0x76180000 of 64 bytes failed: Only part of a ReadProcessMemory or WriteProcessMemory request was completed. (0x12B)
[0809/103003:WARNING:pe_image_reader.cc(280)] could not read dos header from C:\WINDOWS\SysWOW64\sechost.dll
[0809/103003:ERROR:process_reader_win.cc(232)] ReadMemory at 0x74880000 of 64 bytes failed: Only part of a ReadProcessMemory or WriteProcessMemory request was completed. (0x12B)
[0809/103003:WARNING:pe_image_reader.cc(280)] could not read dos header from C:\WINDOWS\syswow64\ADVAPI32.DLL
[0809/103003:ERROR:process_reader_win.cc(232)] ReadMemory at 0x5f330000 of 64 bytes failed: Only part of a ReadProcessMemory or WriteProcessMemory request was completed. (0x12B)
[0809/103003:WARNING:pe_image_reader.cc(280)] could not read dos header from C:\Program Files (x86)\Google\Chrome\Application\51.0.2704.106\chrome_elf.dll
[0809/103003:ERROR:process_reader_win.cc(232)] ReadMemory at 0x72890000 of 64 bytes failed: Only part of a ReadProcessMemory or WriteProcessMemory request was completed. (0x12B)
[0809/103003:WARNING:pe_image_reader.cc(280)] could not read dos header from C:\WINDOWS\system32\VERSION.dll
[0809/103003:ERROR:process_reader_win.cc(232)] ReadMemory at 0x75ae0000 of 64 bytes failed: Only part of a ReadProcessMemory or WriteProcessMemory request was completed. (0x12B)
[0809/103003:WARNING:pe_image_reader.cc(280)] could not read dos header from C:\WINDOWS\syswow64\USP10.dll
[0809/103003:ERROR:process_reader_win.cc(232)] ReadMemory at 0x74b40000 of 64 bytes failed: Only part of a ReadProcessMemory or WriteProcessMemory request was completed. (0x12B)
[0809/103003:WARNING:pe_image_reader.cc(280)] could not read dos header from C:\WINDOWS\syswow64\LPK.dll
[0809/103003:ERROR:process_reader_win.cc(232)] ReadMemory at 0x758b0000 of 64 bytes failed: Only part of a ReadProcessMemory or WriteProcessMemory request was completed. (0x12B)
[0809/103003:WARNING:pe_image_reader.cc(280)] could not read dos header from C:\WINDOWS\syswow64\GDI32.dll
[0809/103003:ERROR:process_reader_win.cc(232)] ReadMemory at 0x75e00000 of 64 bytes failed: Only part of a ReadProcessMemory or WriteProcessMemory request was completed. (0x12B)
[0809/103003:WARNING:pe_image_reader.cc(280)] could not read dos header from C:\WINDOWS\syswow64\USER32.dll
[0809/103003:ERROR:process_reader_win.cc(232)] ReadMemory at 0x74260000 of 64 bytes failed: Only part of a ReadProcessMemory or WriteProcessMemory request was completed. (0x12B)
[0809/103003:WARNING:pe_image_reader.cc(280)] could not read dos header from C:\WINDOWS\system32\WINMM.dll
[0809/103003:ERROR:process_reader_win.cc(232)] ReadMemory at 0x761a0000 of 64 bytes failed: Only part of a ReadProcessMemory or WriteProcessMemory request was completed. (0x12B)
[0809/103003:WARNING:pe_image_reader.cc(280)] could not read dos header from C:\WINDOWS\syswow64\profapi.dll
[0809/103003:ERROR:process_reader_win.cc(232)] ReadMemory at 0x76870000 of 64 bytes failed: Only part of a ReadProcessMemory or WriteProcessMemory request was completed. (0x12B)
[0809/103003:WARNING:pe_image_reader.cc(280)] could not read dos header from C:\WINDOWS\syswow64\USERENV.dll
[0809/103003:ERROR:process_reader_win.cc(232)] ReadMemory at 0x74570000 of 64 bytes failed: Only part of a ReadProcessMemory or WriteProcessMemory request was completed. (0x12B)
[0809/103003:WARNING:pe_image_reader.cc(280)] could not read dos header from C:\WINDOWS\system32\WTSAPI32.dll
[0809/103003:ERROR:process_reader_win.cc(232)] ReadMemory at 0x71810000 of 64 bytes failed: Only part of a ReadProcessMemory or WriteProcessMemory request was completed. (0x12B)
[0809/103003:WARNING:pe_image_reader.cc(280)] could not read dos header from C:\WINDOWS\system32\webio.dll
[0809/103003:ERROR:process_reader_win.cc(232)] ReadMemory at 0x72030000 of 64 bytes failed: Only part of a ReadProcessMemory or WriteProcessMemory request was completed. (0x12B)
[0809/103003:WARNING:pe_image_reader.cc(280)] could not read dos header from C:\WINDOWS\system32\WINHTTP.dll
[0809/103003:ERROR:process_reader_win.cc(232)] ReadMemory at 0x6cb20000 of 64 bytes failed: Only part of a ReadProcessMemory or WriteProcessMemory request was completed. (0x12B)
[0809/103003:WARNING:pe_image_reader.cc(280)] could not read dos header from C:\WINDOWS\system32\api-ms-win-core-synch-l1-2-0.DLL
[0809/103003:ERROR:process_reader_win.cc(232)] ReadMemory at 0x76090000 of 64 bytes failed: Only part of a ReadProcessMemory or WriteProcessMemory request was completed. (0x12B)
[0809/103003:WARNING:pe_image_reader.cc(280)] could not read dos header from C:\WINDOWS\syswow64\MSCTF.dll
[0809/103003:ERROR:process_reader_win.cc(232)] ReadMemory at 0x76900000 of 64 bytes failed: Only part of a ReadProcessMemory or WriteProcessMemory request was completed. (0x12B)
[0809/103003:WARNING:pe_image_reader.cc(280)] could not read dos header from C:\WINDOWS\system32\IMM32.DLL
[0809/103003:ERROR:process_reader_win.cc(232)] ReadMemory at 0x76890000 of 64 bytes failed: Only part of a ReadProcessMemory or WriteProcessMemory request was completed. (0x12B)
[0809/103003:WARNING:pe_image_reader.cc(280)] could not read dos header from C:\WINDOWS\syswow64\SHLWAPI.dll
[0809/103003:ERROR:process_reader_win.cc(232)] ReadMemory at 0x74c60000 of 64 bytes failed: Only part of a ReadProcessMemory or WriteProcessMemory request was completed. (0x12B)
[0809/103003:WARNING:pe_image_reader.cc(280)] could not read dos header from C:\WINDOWS\syswow64\SHELL32.dll
[0809/103003:ERROR:process_reader_win.cc(232)] ReadMemory at 0x761c0000 of 64 bytes failed: Only part of a ReadProcessMemory or WriteProcessMemory request was completed. (0x12B)
[0809/103003:WARNING:pe_image_reader.cc(280)] could not read dos header from C:\WINDOWS\syswow64\PSAPI.DLL
[0809/103003:ERROR:process_reader_win.cc(232)] ReadMemory at 0x74510000 of 64 bytes failed: Only part of a ReadProcessMemory or WriteProcessMemory request was completed. (0x12B)
[0809/103003:WARNING:pe_image_reader.cc(280)] could not read dos header from C:\WINDOWS\system32\WINSPOOL.DRV
[0809/103003:ERROR:process_reader_win.cc(232)] ReadMemory at 0x71e90000 of 64 bytes failed: Only part of a ReadProcessMemory or WriteProcessMemory request was completed. (0x12B)
[0809/103003:WARNING:pe_image_reader.cc(280)] could not read dos header from C:\WINDOWS\WinSxS\x86_microsoft.windows.common-controls_6595b64144ccf1df_6.0.7601.23403_none_2b180b30457f196c\COMCTL32.dll
[0809/103003:ERROR:process_reader_win.cc(232)] ReadMemory at 0x75940000 of 64 bytes failed: Only part of a ReadProcessMemory or WriteProcessMemory request was completed. (0x12B)
[0809/103003:WARNING:pe_image_reader.cc(280)] could not read dos header from C:\WINDOWS\syswow64\COMDLG32.dll
[0809/103003:ERROR:process_reader_win.cc(232)] ReadMemory at 0x74930000 of 64 bytes failed: Only part of a ReadProcessMemory or WriteProcessMemory request was completed. (0x12B)
[0809/103003:WARNING:pe_image_reader.cc(280)] could not read dos header from C:\WINDOWS\syswow64\ole32.dll
[0809/103003:ERROR:process_reader_win.cc(232)] ReadMemory at 0x74a90000 of 64 bytes failed: Only part of a ReadProcessMemory or WriteProcessMemory request was completed. (0x12B)
[0809/103003:WARNING:pe_image_reader.cc(280)] could not read dos header from C:\WINDOWS\syswow64\OLEAUT32.dll
[0809/103003:ERROR:process_reader_win.cc(232)] ReadMemory at 0x768f0000 of 64 bytes failed: Only part of a ReadProcessMemory or WriteProcessMemory request was completed. (0x12B)
[0809/103003:WARNING:pe_image_reader.cc(280)] could not read dos header from C:\WINDOWS\syswow64\NSI.dll
[0809/103003:ERROR:process_reader_win.cc(232)] ReadMemory at 0x74150000 of 64 bytes failed: Only part of a ReadProcessMemory or WriteProcessMemory request was completed. (0x12B)
[0809/103003:WARNING:pe_image_reader.cc(280)] could not read dos header from C:\WINDOWS\system32\WINNSI.DLL
[0809/103003:ERROR:process_reader_win.cc(232)] ReadMemory at 0x74160000 of 64 bytes failed: Only part of a ReadProcessMemory or WriteProcessMemory request was completed. (0x12B)
[0809/103003:WARNING:pe_image_reader.cc(280)] could not read dos header from C:\WINDOWS\system32\IPHLPAPI.DLL
[0809/103003:ERROR:process_reader_win.cc(232)] ReadMemory at 0x75b80000 of 64 bytes failed: Only part of a ReadProcessMemory or WriteProcessMemory request was completed. (0x12B)
[0809/103003:WARNING:pe_image_reader.cc(280)] could not read dos header from C:\WINDOWS\syswow64\WS2_32.dll
[0809/103003:ERROR:process_reader_win.cc(232)] ReadMemory at 0x763d0000 of 64 bytes failed: Only part of a ReadProcessMemory or WriteProcessMemory request was completed. (0x12B)
[0809/103003:WARNING:pe_image_reader.cc(280)] could not read dos header from C:\WINDOWS\syswow64\MSASN1.dll
[0809/103003:ERROR:process_reader_win.cc(232)] ReadMemory at 0x75f00000 of 64 bytes failed: Only part of a ReadProcessMemory or WriteProcessMemory request was completed. (0x12B)
[0809/103003:WARNING:pe_image_reader.cc(280)] could not read dos header from C:\WINDOWS\syswow64\CRYPT32.dll
[0809/103003:ERROR:process_reader_win.cc(232)] ReadMemory at 0x76680000 of 64 bytes failed: Only part of a ReadProcessMemory or WriteProcessMemory request was completed. (0x12B)
[0809/103003:WARNING:pe_image_reader.cc(280)] could not read dos header from C:\WINDOWS\syswow64\WINTRUST.dll
[0809/103003:ERROR:process_reader_win.cc(232)] ReadMemory at 0x72810000 of 64 bytes failed: Only part of a ReadProcessMemory or WriteProcessMemory request was completed. (0x12B)
[0809/103003:WARNING:pe_image_reader.cc(280)] could not read dos header from C:\WINDOWS\system32\Secur32.dll
[0809/103003:ERROR:process_reader_win.cc(232)] ReadMemory at 0x5a120000 of 64 bytes failed: Only part of a ReadProcessMemory or WriteProcessMemory request was completed. (0x12B)
[0809/103003:WARNING:pe_image_reader.cc(280)] could not read dos header from C:\Program Files (x86)\Google\Chrome\Application\51.0.2704.106\chrome_child.dll
[0809/103003:ERROR:process_reader_win.cc(232)] ReadMemory at 0x6cb90000 of 64 bytes failed: Only part of a ReadProcessMemory or WriteProcessMemory request was completed. (0x12B)
[0809/103003:WARNING:pe_image_reader.cc(280)] could not read dos header from C:\WINDOWS\system32\dxva2.dll
[0809/103003:ERROR:process_reader_win.cc(98)] process 20052 not found
[0809/103003:ERROR:process_reader_win.cc(232)] ReadMemory at 0x1070000 of 64 bytes failed: Only part of a ReadProcessMemory or WriteProcessMemory request was completed. (0x12B)
[0809/103003:WARNING:pe_image_reader.cc(280)] could not read dos header from C:\Program Files (x86)\Google\Chrome\Application\chrome.exe
[0809/103003:ERROR:process_reader_win.cc(232)] ReadMemory at 0x76f00000 of 64 bytes failed: Only part of a ReadProcessMemory or WriteProcessMemory request was completed. (0x12B)
[0809/103003:WARNING:pe_image_reader.cc(280)] could not read dos header from C:\WINDOWS\SysWOW64\ntdll.dll
[0809/103003:ERROR:process_reader_win.cc(232)] ReadMemory at 0x76040000 of 64 bytes failed: Only part of a ReadProcessMemory or WriteProcessMemory request was completed. (0x12B)
[0809/103003:WARNING:pe_image_reader.cc(280)] could not read dos header from C:\WINDOWS\syswow64\KERNELBASE.dll
[0809/103003:ERROR:process_reader_win.cc(232)] ReadMemory at 0x74b50000 of 64 bytes failed: Only part of a ReadProcessMemory or WriteProcessMemory request was completed. (0x12B)
[0809/103003:WARNING:pe_image_reader.cc(280)] could not read dos header from C:\WINDOWS\syswow64\kernel32.dll
[0809/103003:ERROR:process_reader_win.cc(232)] ReadMemory at 0x761d0000 of 64 bytes failed: Only part of a ReadProcessMemory or WriteProcessMemory request was completed. (0x12B)
[0809/103003:WARNING:pe_image_reader.cc(280)] could not read dos header from C:\WINDOWS\syswow64\msvcrt.dll
[0809/103003:ERROR:process_reader_win.cc(232)] ReadMemory at 0x74800000 of 64 bytes failed: Only part of a ReadProcessMemory or WriteProcessMemory request was completed. (0x12B)
[0809/103003:WARNING:pe_image_reader.cc(280)] could not read dos header from C:\WINDOWS\syswow64\CRYPTBASE.dll
[0809/103003:ERROR:process_reader_win.cc(232)] ReadMemory at 0x74810000 of 64 bytes failed: Only part of a ReadProcessMemory or WriteProcessMemory request was completed. (0x12B)
[0809/103003:WARNING:pe_image_reader.cc(280)] could not read dos header from C:\WINDOWS\syswow64\SspiCli.dll
[0809/103003:ERROR:process_reader_win.cc(232)] ReadMemory at 0x76280000 of 64 bytes failed: Only part of a ReadProcessMemory or WriteProcessMemory request was completed. (0x12B)
[0809/103003:WARNING:pe_image_reader.cc(280)] could not read dos header from C:\WINDOWS\syswow64\RPCRT4.dll
[0809/103003:ERROR:process_reader_win.cc(232)] ReadMemory at 0x76180000 of 64 bytes failed: Only part of a ReadProcessMemory or WriteProcessMemory request was completed. (0x12B)
[0809/103003:WARNING:pe_image_reader.cc(280)] could not read dos header from C:\WINDOWS\SysWOW64\sechost.dll
[0809/103003:ERROR:process_reader_win.cc(232)] ReadMemory at 0x74880000 of 64 bytes failed: Only part of a ReadProcessMemory or WriteProcessMemory request was completed. (0x12B)
[0809/103003:WARNING:pe_image_reader.cc(280)] could not read dos header from C:\WINDOWS\syswow64\ADVAPI32.DLL
[0809/103003:ERROR:process_reader_win.cc(232)] ReadMemory at 0x5f330000 of 64 bytes failed: Only part of a ReadProcessMemory or WriteProcessMemory request was completed. (0x12B)
[0809/103003:WARNING:pe_image_reader.cc(280)] could not read dos header from C:\Program Files (x86)\Google\Chrome\Application\51.0.2704.106\chrome_elf.dll
[0809/103003:ERROR:process_reader_win.cc(232)] ReadMemory at 0x72890000 of 64 bytes failed: Only part of a ReadProcessMemory or WriteProcessMemory request was completed. (0x12B)
[0809/103003:WARNING:pe_image_reader.cc(280)] could not read dos header from C:\WINDOWS\system32\VERSION.dll
[0809/103003:ERROR:process_reader_win.cc(232)] ReadMemory at 0x75ae0000 of 64 bytes failed: Only part of a ReadProcessMemory or WriteProcessMemory request was completed. (0x12B)
[0809/103003:WARNING:pe_image_reader.cc(280)] could not read dos header from C:\WINDOWS\syswow64\USP10.dll
[0809/103003:ERROR:process_reader_win.cc(232)] ReadMemory at 0x74b40000 of 64 bytes failed: Only part of a ReadProcessMemory or WriteProcessMemory request was completed. (0x12B)
[0809/103003:WARNING:pe_image_reader.cc(280)] could not read dos header from C:\WINDOWS\syswow64\LPK.dll
[0809/103003:ERROR:process_reader_win.cc(232)] ReadMemory at 0x758b0000 of 64 bytes failed: Only part of a ReadProcessMemory or WriteProcessMemory request was completed. (0x12B)
[0809/103003:WARNING:pe_image_reader.cc(280)] could not read dos header from C:\WINDOWS\syswow64\GDI32.dll
[0809/103003:ERROR:process_reader_win.cc(232)] ReadMemory at 0x75e00000 of 64 bytes failed: Only part of a ReadProcessMemory or WriteProcessMemory request was completed. (0x12B)
[0809/103003:WARNING:pe_image_reader.cc(280)] could not read dos header from C:\WINDOWS\syswow64\USER32.dll
[0809/103003:ERROR:process_reader_win.cc(232)] ReadMemory at 0x74260000 of 64 bytes failed: Only part of a ReadProcessMemory or WriteProcessMemory request was completed. (0x12B)
[0809/103003:WARNING:pe_image_reader.cc(280)] could not read dos header from C:\WINDOWS\system32\WINMM.dll
[0809/103003:ERROR:process_reader_win.cc(232)] ReadMemory at 0x761a0000 of 64 bytes failed: Only part of a ReadProcessMemory or WriteProcessMemory request was completed. (0x12B)
[0809/103003:WARNING:pe_image_reader.cc(280)] could not read dos header from C:\WINDOWS\syswow64\profapi.dll
[0809/103003:ERROR:process_reader_win.cc(232)] ReadMemory at 0x76870000 of 64 bytes failed: Only part of a ReadProcessMemory or WriteProcessMemory request was completed. (0x12B)
[0809/103003:WARNING:pe_image_reader.cc(280)] could not read dos header from C:\WINDOWS\syswow64\USERENV.dll
[0809/103003:ERROR:process_reader_win.cc(232)] ReadMemory at 0x74570000 of 64 bytes failed: Only part of a ReadProcessMemory or WriteProcessMemory request was completed. (0x12B)
[0809/103003:WARNING:pe_image_reader.cc(280)] could not read dos header from C:\WINDOWS\system32\WTSAPI32.dll
[0809/103003:ERROR:process_reader_win.cc(232)] ReadMemory at 0x71810000 of 64 bytes failed: Only part of a ReadProcessMemory or WriteProcessMemory request was completed. (0x12B)
[0809/103003:WARNING:pe_image_reader.cc(280)] could not read dos header from C:\WINDOWS\system32\webio.dll
[0809/103003:ERROR:process_reader_win.cc(232)] ReadMemory at 0x72030000 of 64 bytes failed: Only part of a ReadProcessMemory or WriteProcessMemory request was completed. (0x12B)
[0809/103003:WARNING:pe_image_reader.cc(280)] could not read dos header from C:\WINDOWS\system32\WINHTTP.dll
[0809/103003:ERROR:process_reader_win.cc(232)] ReadMemory at 0x6cb20000 of 64 bytes failed: Only part of a ReadProcessMemory or WriteProcessMemory request was completed. (0x12B)
[0809/103003:WARNING:pe_image_reader.cc(280)] could not read dos header from C:\WINDOWS\system32\api-ms-win-core-synch-l1-2-0.DLL
[0809/103003:ERROR:process_reader_win.cc(232)] ReadMemory at 0x76090000 of 64 bytes failed: Only part of a ReadProcessMemory or WriteProcessMemory request was completed. (0x12B)
[0809/103003:WARNING:pe_image_reader.cc(280)] could not read dos header from C:\WINDOWS\syswow64\MSCTF.dll
[0809/103003:ERROR:process_reader_win.cc(232)] ReadMemory at 0x76900000 of 64 bytes failed: Only part of a ReadProcessMemory or WriteProcessMemory request was completed. (0x12B)
[0809/103003:WARNING:pe_image_reader.cc(280)] could not read dos header from C:\WINDOWS\system32\IMM32.DLL
[0809/103003:ERROR:process_reader_win.cc(232)] ReadMemory at 0x76890000 of 64 bytes failed: Only part of a ReadProcessMemory or WriteProcessMemory request was completed. (0x12B)
[0809/103003:WARNING:pe_image_reader.cc(280)] could not read dos header from C:\WINDOWS\syswow64\SHLWAPI.dll
[0809/103003:ERROR:process_reader_win.cc(232)] ReadMemory at 0x74c60000 of 64 bytes failed: Only part of a ReadProcessMemory or WriteProcessMemory request was completed. (0x12B)
[0809/103003:WARNING:pe_image_reader.cc(280)] could not read dos header from C:\WINDOWS\syswow64\SHELL32.dll
[0809/103003:ERROR:process_reader_win.cc(232)] ReadMemory at 0x761c0000 of 64 bytes failed: Only part of a ReadProcessMemory or WriteProcessMemory request was completed. (0x12B)
[0809/103003:WARNING:pe_image_reader.cc(280)] could not read dos header from C:\WINDOWS\syswow64\PSAPI.DLL
[0809/103003:ERROR:process_reader_win.cc(232)] ReadMemory at 0x74510000 of 64 bytes failed: Only part of a ReadProcessMemory or WriteProcessMemory request was completed. (0x12B)
[0809/103003:WARNING:pe_image_reader.cc(280)] could not read dos header from C:\WINDOWS\system32\WINSPOOL.DRV
[0809/103003:ERROR:process_reader_win.cc(232)] ReadMemory at 0x71e90000 of 64 bytes failed: Only part of a ReadProcessMemory or WriteProcessMemory request was completed. (0x12B)
[0809/103003:WARNING:pe_image_reader.cc(280)] could not read dos header from C:\WINDOWS\WinSxS\x86_microsoft.windows.common-controls_6595b64144ccf1df_6.0.7601.23403_none_2b180b30457f196c\COMCTL32.dll
[0809/103003:ERROR:process_reader_win.cc(232)] ReadMemory at 0x75940000 of 64 bytes failed: Only part of a ReadProcessMemory or WriteProcessMemory request was completed. (0x12B)
[0809/103003:WARNING:pe_image_reader.cc(280)] could not read dos header from C:\WINDOWS\syswow64\COMDLG32.dll
[0809/103003:ERROR:process_reader_win.cc(232)] ReadMemory at 0x74930000 of 64 bytes failed: Only part of a ReadProcessMemory or WriteProcessMemory request was completed. (0x12B)
[0809/103003:WARNING:pe_image_reader.cc(280)] could not read dos header from C:\WINDOWS\syswow64\ole32.dll
[0809/103003:ERROR:process_reader_win.cc(232)] ReadMemory at 0x74a90000 of 64 bytes failed: Only part of a ReadProcessMemory or WriteProcessMemory request was completed. (0x12B)
[0809/103003:WARNING:pe_image_reader.cc(280)] could not read dos header from C:\WINDOWS\syswow64\OLEAUT32.dll
[0809/103003:ERROR:process_reader_win.cc(232)] ReadMemory at 0x768f0000 of 64 bytes failed: Only part of a ReadProcessMemory or WriteProcessMemory request was completed. (0x12B)
[0809/103003:WARNING:pe_image_reader.cc(280)] could not read dos header from C:\WINDOWS\syswow64\NSI.dll
[0809/103003:ERROR:process_reader_win.cc(232)] ReadMemory at 0x74150000 of 64 bytes failed: Only part of a ReadProcessMemory or WriteProcessMemory request was completed. (0x12B)
[0809/103003:WARNING:pe_image_reader.cc(280)] could not read dos header from C:\WINDOWS\system32\WINNSI.DLL
[0809/103003:ERROR:process_reader_win.cc(232)] ReadMemory at 0x74160000 of 64 bytes failed: Only part of a ReadProcessMemory or WriteProcessMemory request was completed. (0x12B)
[0809/103003:WARNING:pe_image_reader.cc(280)] could not read dos header from C:\WINDOWS\system32\IPHLPAPI.DLL
[0809/103003:ERROR:process_reader_win.cc(232)] ReadMemory at 0x75b80000 of 64 bytes failed: Only part of a ReadProcessMemory or WriteProcessMemory request was completed. (0x12B)
[0809/103003:WARNING:pe_image_reader.cc(280)] could not read dos header from C:\WINDOWS\syswow64\WS2_32.dll
[0809/103003:ERROR:process_reader_win.cc(232)] ReadMemory at 0x763d0000 of 64 bytes failed: Only part of a ReadProcessMemory or WriteProcessMemory request was completed. (0x12B)
[0809/103003:WARNING:pe_image_reader.cc(280)] could not read dos header from C:\WINDOWS\syswow64\MSASN1.dll
[0809/103003:ERROR:process_reader_win.cc(232)] ReadMemory at 0x75f00000 of 64 bytes failed: Only part of a ReadProcessMemory or WriteProcessMemory request was completed. (0x12B)
[0809/103003:WARNING:pe_image_reader.cc(280)] could not read dos header from C:\WINDOWS\syswow64\CRYPT32.dll
[0809/103003:ERROR:process_reader_win.cc(232)] ReadMemory at 0x76680000 of 64 bytes failed: Only part of a ReadProcessMemory or WriteProcessMemory request was completed. (0x12B)
[0809/103003:WARNING:pe_image_reader.cc(280)] could not read dos header from C:\WINDOWS\syswow64\WINTRUST.dll
[0809/103003:ERROR:process_reader_win.cc(232)] ReadMemory at 0x72810000 of 64 bytes failed: Only part of a ReadProcessMemory or WriteProcessMemory request was completed. (0x12B)
[0809/103003:WARNING:pe_image_reader.cc(280)] could not read dos header from C:\WINDOWS\system32\Secur32.dll
[0809/103003:ERROR:process_reader_win.cc(232)] ReadMemory at 0x5a120000 of 64 bytes failed: Only part of a ReadProcessMemory or WriteProcessMemory request was completed. (0x12B)
[0809/103003:WARNING:pe_image_reader.cc(280)] could not read dos header from C:\Program Files (x86)\Google\Chrome\Application\51.0.2704.106\chrome_child.dll
[0809/103003:ERROR:process_reader_win.cc(232)] ReadMemory at 0x6cb90000 of 64 bytes failed: Only part of a ReadProcessMemory or WriteProcessMemory request was completed. (0x12B)
[0809/103003:WARNING:pe_image_reader.cc(280)] could not read dos header from C:\WINDOWS\system32\dxva2.dll
[0809/103003:ERROR:process_reader_win.cc(232)] ReadMemory at 0x112c374 of 12 bytes failed: Only part of a ReadProcessMemory or WriteProcessMemory request was completed. (0x12B)
[0809/103003:WARNING:process_snapshot_win.cc(102)] ReadMemory ExceptionInformation failed
[0809/103003:WARNING:crash_report_exception_handler.cc(60)] ProcessSnapshotWin::InitializeException failed
[0809/103003:ERROR:scoped_process_suspend.cc(38)] NtResumeProcess, ntstatus=-1073741558
